<?xml version="1.0" encoding="UTF-8"?>
<!-- Generated by org.testng.reporters.JUnitReportReporter -->
<testsuite skipped="0" hostname="LAPTOP-UJMV62ID" name="com.qa.test.TestAmazonUser" tests="3" failures="0" timestamp="23 Jul 2018 13:56:26 GMT" time="49.970" errors="0">
  <testcase name="ExcelTest" time="13.614" classname="com.qa.test.TestAmazonUser"/>
  <testcase name="ExcelTest" time="10.447" classname="com.qa.test.TestAmazonUser"/>
  <testcase name="ExcelTest" time="25.909" classname="com.qa.test.TestAmazonUser"/>
</testsuite> <!-- com.qa.test.TestAmazonUser -->
